<?xml version="1.0" encoding="UTF-8"?>
<!-- Generated by org.testng.reporters.JUnitReportReporter -->
<testsuite hostname="LAPTOP-BUB29FV2" failures="0" tests="1" name="testcase.logintest" time="6.742" errors="0" timestamp="2023-10-10T21:20:37 IST" skipped="0">
  <testcase classname="testcase.logintest" name="f" time="6.742"/>
</testsuite> <!-- testcase.logintest -->
